# JRE version: Java(TM) SE Runtime Environment (8.0_66-b18) (build 1.8.0_66-b18)
# Java VM: Java HotSpot(TM) 64-Bit Server VM (25.66-b18 mixed mode windows-amd64 compressed oops)
Heap:
 PSYoungGen      total 41472K, used 18694K [0x00000007bc400000, 0x00000007c0000000, 0x00000007c0000000)
  eden space 22528K, 77% used [0x00000007bc400000,0x00000007bd511870,0x00000007bda00000)
  from space 18944K, 6% used [0x00000007bda00000,0x00000007bdb30368,0x00000007bec80000)
  to   space 17920K, 0% used [0x00000007bee80000,0x00000007bee80000,0x00000007c0000000)
 ParOldGen       total 165888K, used 65718K [0x0000000700000000, 0x000000070a200000, 0x00000007bc400000)
  object space 165888K, 39% used [0x0000000700000000,0x000000070402d9e0,0x000000070a200000)
 Metaspace       used 67395K, capacity 68093K, committed 68736K, reserved 1107968K
  class space    used 9622K, capacity 9765K, committed 9856K, reserved 1048576K
GC Heap History (10 events):
Event: 973.861 GC heap before
{Heap before GC invocations=69 (full 8):
 PSYoungGen      total 38400K, used 20480K [0x00000007bc400000, 0x00000007c0000000, 0x00000007c0000000)
  eden space 20480K, 100% used [0x00000007bc400000,0x00000007bd800000,0x00000007bd800000)
  from space 17920K, 0% used [0x00000007bee80000,0x00000007bee80000,0x00000007c0000000)
  to   space 20480K, 0% used [0x00000007bd800000,0x00000007bd800000,0x00000007bec00000)
 ParOldGen       total 165888K, used 65710K [0x0000000700000000, 0x000000070a200000, 0x00000007bc400000)
  object space 165888K, 39% used [0x0000000700000000,0x000000070402b9e0,0x000000070a200000)
 Metaspace       used 67245K, capacity 67945K, committed 68480K, reserved 1107968K
  class space    used 9612K, capacity 9759K, committed 9856K, reserved 1048576K
Event: 973.866 GC heap after
Heap after GC invocations=69 (full 8):
 PSYoungGen      total 40960K, used 512K [0x00000007bc400000, 0x00000007c0000000, 0x00000007c0000000)
  eden space 20480K, 0% used [0x00000007bc400000,0x00000007bc400000,0x00000007bd800000)
  from space 20480K, 2% used [0x00000007bd800000,0x00000007bd880368,0x00000007bec00000)
  to   space 20480K, 0% used [0x00000007bec00000,0x00000007bec00000,0x00000007c0000000)
 ParOldGen       total 165888K, used 65710K [0x0000000700000000, 0x000000070a200000, 0x00000007bc400000)
  object space 165888K, 39% used [0x0000000700000000,0x000000070402b9e0,0x000000070a200000)
 Metaspace       used 67245K, capacity 67945K, committed 68480K, reserved 1107968K
  class space    used 9612K, capacity 9759K, committed 9856K, reserved 1048576K
}
Event: 974.119 GC heap before
{Heap before GC invocations=70 (full 8):
 PSYoungGen      total 40960K, used 20992K [0x00000007bc400000, 0x00000007c0000000, 0x00000007c0000000)
  eden space 20480K, 100% used [0x00000007bc400000,0x00000007bd800000,0x00000007bd800000)
  from space 20480K, 2% used [0x00000007bd800000,0x00000007bd880368,0x00000007bec00000)
  to   space 20480K, 0% used [0x00000007bec00000,0x00000007bec00000,0x00000007c0000000)
 ParOldGen       total 165888K, used 65710K [0x0000000700000000, 0x000000070a200000, 0x00000007bc400000)
  object space 165888K, 39% used [0x0000000700000000,0x000000070402b9e0,0x000000070a200000)
 Metaspace       used 67275K, capacity 67945K, committed 68480K, reserved 1107968K
  class space    used 9615K, capacity 9759K, committed 9856K, reserved 1048576K
Event: 974.123 GC heap after
Heap after GC invocations=70 (full 8):
 PSYoungGen      total 40960K, used 752K [0x00000007bc400000, 0x00000007c0000000, 0x00000007c0000000)
  eden space 20480K, 0% used [0x00000007bc400000,0x00000007bc400000,0x00000007bd800000)
  from space 20480K, 3% used [0x00000007bec00000,0x00000007becbc3e0,0x00000007c0000000)
  to   space 20480K, 0% used [0x00000007bd800000,0x00000007bd800000,0x00000007bec00000)
 ParOldGen       total 165888K, used 65710K [0x0000000700000000, 0x000000070a200000, 0x00000007bc400000)
  object space 165888K, 39% used [0x0000000700000000,0x000000070402b9e0,0x000000070a200000)
 Metaspace       used 67275K, capacity 67945K, committed 68480K, reserved 1107968K
  class space    used 9615K, capacity 9759K, committed 9856K, reserved 1048576K
}
Event: 974.363 GC heap before
{Heap before GC invocations=71 (full 8):
 PSYoungGen      total 40960K, used 21232K [0x00000007bc400000, 0x00000007c0000000, 0x00000007c0000000)
  eden space 20480K, 100% used [0x00000007bc400000,0x00000007bd800000,0x00000007bd800000)
  from space 20480K, 3% used [0x00000007bec00000,0x00000007becbc3e0,0x00000007c0000000)
  to   space 20480K, 0% used [0x00000007bd800000,0x00000007bd800000,0x00000007bec00000)
 ParOldGen       total 165888K, used 65710K [0x0000000700000000, 0x000000070a200000, 0x00000007bc400000)
  object space 165888K, 39% used [0x0000000700000000,0x000000070402b9e0,0x000000070a200000)
 Metaspace       used 67306K, capacity 68009K, committed 68736K, reserved 1107968K
  class space    used 9616K, capacity 9759K, committed 9856K, reserved 1048576K
Event: 974.367 GC heap after
Heap after GC invocations=71 (full 8):
 PSYoungGen      total 40960K, used 880K [0x00000007bc400000, 0x00000007c0000000, 0x00000007c0000000)
  eden space 20480K, 0% used [0x00000007bc400000,0x00000007bc400000,0x00000007bd800000)
  from space 20480K, 4% used [0x00000007bd800000,0x00000007bd8dc3e0,0x00000007bec00000)
  to   space 19968K, 0% used [0x00000007bec80000,0x00000007bec80000,0x00000007c0000000)
 ParOldGen       total 165888K, used 65718K [0x0000000700000000, 0x000000070a200000, 0x00000007bc400000)
  object space 165888K, 39% used [0x0000000700000000,0x000000070402d9e0,0x000000070a200000)
 Metaspace       used 67306K, capacity 68009K, committed 68736K, reserved 1107968K
  class space    used 9616K, capacity 9759K, committed 9856K, reserved 1048576K
}
Event: 974.584 GC heap before
{Heap before GC invocations=72 (full 8):
 PSYoungGen      total 40960K, used 21360K [0x00000007bc400000, 0x00000007c0000000, 0x00000007c0000000)
  eden space 20480K, 100% used [0x00000007bc400000,0x00000007bd800000,0x00000007bd800000)
  from space 20480K, 4% used [0x00000007bd800000,0x00000007bd8dc3e0,0x00000007bec00000)
  to   space 19968K, 0% used [0x00000007bec80000,0x00000007bec80000,0x00000007c0000000)
 ParOldGen       total 165888K, used 65718K [0x0000000700000000, 0x000000070a200000, 0x00000007bc400000)
  object space 165888K, 39% used [0x0000000700000000,0x000000070402d9e0,0x000000070a200000)
 Metaspace       used 67335K, capacity 68009K, committed 68736K, reserved 1107968K
  class space    used 9616K, capacity 9759K, committed 9856K, reserved 1048576K
Event: 974.588 GC heap after
Heap after GC invocations=72 (full 8):
 PSYoungGen      total 42496K, used 1152K [0x00000007bc400000, 0x00000007c0000000, 0x00000007c0000000)
  eden space 22528K, 0% used [0x00000007bc400000,0x00000007bc400000,0x00000007bda00000)
  from space 19968K, 5% used [0x00000007bec80000,0x00000007beda0368,0x00000007c0000000)
  to   space 18944K, 0% used [0x00000007bda00000,0x00000007bda00000,0x00000007bec80000)
 ParOldGen       total 165888K, used 65718K [0x0000000700000000, 0x000000070a200000, 0x00000007bc400000)
  object space 165888K, 39% used [0x0000000700000000,0x000000070402d9e0,0x000000070a200000)
 Metaspace       used 67335K, capacity 68009K, committed 68736K, reserved 1107968K
  class space    used 9616K, capacity 9759K, committed 9856K, reserved 1048576K
}
Event: 974.753 GC heap before
{Heap before GC invocations=73 (full 8):
 PSYoungGen      total 42496K, used 23680K [0x00000007bc400000, 0x00000007c0000000, 0x00000007c0000000)
  eden space 22528K, 100% used [0x00000007bc400000,0x00000007bda00000,0x00000007bda00000)
  from space 19968K, 5% used [0x00000007bec80000,0x00000007beda0368,0x00000007c0000000)
  to   space 18944K, 0% used [0x00000007bda00000,0x00000007bda00000,0x00000007bec80000)
 ParOldGen       total 165888K, used 65718K [0x0000000700000000, 0x000000070a200000, 0x00000007bc400000)
  object space 165888K, 39% used [0x0000000700000000,0x000000070402d9e0,0x000000070a200000)
 Metaspace       used 67366K, capacity 68073K, committed 68736K, reserved 1107968K
  class space    used 9617K, capacity 9759K, committed 9856K, reserved 1048576K
Event: 974.760 GC heap after
Heap after GC invocations=73 (full 8):
 PSYoungGen      total 41472K, used 1216K [0x00000007bc400000, 0x00000007c0000000, 0x00000007c0000000)
  eden space 22528K, 0% used [0x00000007bc400000,0x00000007bc400000,0x00000007bda00000)
  from space 18944K, 6% used [0x00000007bda00000,0x00000007bdb30368,0x00000007bec80000)
  to   space 17920K, 0% used [0x00000007bee80000,0x00000007bee80000,0x00000007c0000000)
 ParOldGen       total 165888K, used 65718K [0x0000000700000000, 0x000000070a200000, 0x00000007bc400000)
  object space 165888K, 39% used [0x0000000700000000,0x000000070402d9e0,0x000000070a200000)
 Metaspace       used 67366K, capacity 68073K, committed 68736K, reserved 1107968K
  class space    used 9617K, capacity 9759K, committed 9856K, reserved 1048576K
}

