# JRE version: Java(TM) SE Runtime Environment (8.0_66-b18) (build 1.8.0_66-b18)
# Java VM: Java HotSpot(TM) 64-Bit Server VM (25.66-b18 mixed mode windows-amd64 compressed oops)
Heap:
 PSYoungGen      total 58368K, used 4406K [0x00000007bc400000, 0x00000007c0000000, 0x00000007c0000000)
  eden space 55296K, 4% used [0x00000007bc400000,0x00000007bc62ab78,0x00000007bfa00000)
  from space 3072K, 71% used [0x00000007bfd00000,0x00000007bff22ca0,0x00000007c0000000)
  to   space 3072K, 0% used [0x00000007bfa00000,0x00000007bfa00000,0x00000007bfd00000)
 ParOldGen       total 177152K, used 77021K [0x0000000700000000, 0x000000070ad00000, 0x00000007bc400000)
  object space 177152K, 43% used [0x0000000700000000,0x0000000704b37730,0x000000070ad00000)
 Metaspace       used 74689K, capacity 75473K, committed 76160K, reserved 1114112K
  class space    used 10335K, capacity 10507K, committed 10624K, reserved 1048576K
GC Heap History (10 events):
Event: 18944.169 GC heap before
{Heap before GC invocations=467 (full 31):
 PSYoungGen      total 57856K, used 928K [0x00000007bc400000, 0x00000007c0000000, 0x00000007c0000000)
  eden space 54272K, 0% used [0x00000007bc400000,0x00000007bc400000,0x00000007bf900000)
  from space 3584K, 25% used [0x00000007bfc80000,0x00000007bfd68000,0x00000007c0000000)
  to   space 3584K, 0% used [0x00000007bf900000,0x00000007bf900000,0x00000007bfc80000)
 ParOldGen       total 177152K, used 63502K [0x0000000700000000, 0x000000070ad00000, 0x00000007bc400000)
  object space 177152K, 35% used [0x0000000700000000,0x0000000703e03aa0,0x000000070ad00000)
 Metaspace       used 74688K, capacity 75473K, committed 76160K, reserved 1114112K
  class space    used 10335K, capacity 10507K, committed 10624K, reserved 1048576K
Event: 18944.319 GC heap after
Heap after GC invocations=467 (full 31):
 PSYoungGen      total 57856K, used 0K [0x00000007bc400000, 0x00000007c0000000, 0x00000007c0000000)
  eden space 54272K, 0% used [0x00000007bc400000,0x00000007bc400000,0x00000007bf900000)
  from space 3584K, 0% used [0x00000007bfc80000,0x00000007bfc80000,0x00000007c0000000)
  to   space 3584K, 0% used [0x00000007bf900000,0x00000007bf900000,0x00000007bfc80000)
 ParOldGen       total 177152K, used 64061K [0x0000000700000000, 0x000000070ad00000, 0x00000007bc400000)
  object space 177152K, 36% used [0x0000000700000000,0x0000000703e8f700,0x000000070ad00000)
 Metaspace       used 74688K, capacity 75473K, committed 76160K, reserved 1114112K
  class space    used 10335K, capacity 10507K, committed 10624K, reserved 1048576K
}
Event: 19264.878 GC heap before
{Heap before GC invocations=468 (full 31):
 PSYoungGen      total 57856K, used 54272K [0x00000007bc400000, 0x00000007c0000000, 0x00000007c0000000)
  eden space 54272K, 100% used [0x00000007bc400000,0x00000007bf900000,0x00000007bf900000)
  from space 3584K, 0% used [0x00000007bfc80000,0x00000007bfc80000,0x00000007c0000000)
  to   space 3584K, 0% used [0x00000007bf900000,0x00000007bf900000,0x00000007bfc80000)
 ParOldGen       total 177152K, used 64061K [0x0000000700000000, 0x000000070ad00000, 0x00000007bc400000)
  object space 177152K, 36% used [0x0000000700000000,0x0000000703e8f700,0x000000070ad00000)
 Metaspace       used 74688K, capacity 75473K, committed 76160K, reserved 1114112K
  class space    used 10335K, capacity 10507K, committed 10624K, reserved 1048576K
Event: 19264.884 GC heap after
Heap after GC invocations=468 (full 31):
 PSYoungGen      total 57856K, used 1152K [0x00000007bc400000, 0x00000007c0000000, 0x00000007c0000000)
  eden space 54272K, 0% used [0x00000007bc400000,0x00000007bc400000,0x00000007bf900000)
  from space 3584K, 32% used [0x00000007bf900000,0x00000007bfa20000,0x00000007bfc80000)
  to   space 3072K, 0% used [0x00000007bfd00000,0x00000007bfd00000,0x00000007c0000000)
 ParOldGen       total 177152K, used 64061K [0x0000000700000000, 0x000000070ad00000, 0x00000007bc400000)
  object space 177152K, 36% used [0x0000000700000000,0x0000000703e8f700,0x000000070ad00000)
 Metaspace       used 74688K, capacity 75473K, committed 76160K, reserved 1114112K
  class space    used 10335K, capacity 10507K, committed 10624K, reserved 1048576K
}
Event: 19585.421 GC heap before
{Heap before GC invocations=469 (full 31):
 PSYoungGen      total 57856K, used 55424K [0x00000007bc400000, 0x00000007c0000000, 0x00000007c0000000)
  eden space 54272K, 100% used [0x00000007bc400000,0x00000007bf900000,0x00000007bf900000)
  from space 3584K, 32% used [0x00000007bf900000,0x00000007bfa20000,0x00000007bfc80000)
  to   space 3072K, 0% used [0x00000007bfd00000,0x00000007bfd00000,0x00000007c0000000)
 ParOldGen       total 177152K, used 64061K [0x0000000700000000, 0x000000070ad00000, 0x00000007bc400000)
  object space 177152K, 36% used [0x0000000700000000,0x0000000703e8f700,0x000000070ad00000)
 Metaspace       used 74688K, capacity 75473K, committed 76160K, reserved 1114112K
  class space    used 10335K, capacity 10507K, committed 10624K, reserved 1048576K
Event: 19585.437 GC heap after
Heap after GC invocations=469 (full 31):
 PSYoungGen      total 58368K, used 1184K [0x00000007bc400000, 0x00000007c0000000, 0x00000007c0000000)
  eden space 55296K, 0% used [0x00000007bc400000,0x00000007bc400000,0x00000007bfa00000)
  from space 3072K, 38% used [0x00000007bfd00000,0x00000007bfe28000,0x00000007c0000000)
  to   space 3072K, 0% used [0x00000007bfa00000,0x00000007bfa00000,0x00000007bfd00000)
 ParOldGen       total 177152K, used 64061K [0x0000000700000000, 0x000000070ad00000, 0x00000007bc400000)
  object space 177152K, 36% used [0x0000000700000000,0x0000000703e8f700,0x000000070ad00000)
 Metaspace       used 74688K, capacity 75473K, committed 76160K, reserved 1114112K
  class space    used 10335K, capacity 10507K, committed 10624K, reserved 1048576K
}
Event: 19912.038 GC heap before
{Heap before GC invocations=470 (full 31):
 PSYoungGen      total 58368K, used 56480K [0x00000007bc400000, 0x00000007c0000000, 0x00000007c0000000)
  eden space 55296K, 100% used [0x00000007bc400000,0x00000007bfa00000,0x00000007bfa00000)
  from space 3072K, 38% used [0x00000007bfd00000,0x00000007bfe28000,0x00000007c0000000)
  to   space 3072K, 0% used [0x00000007bfa00000,0x00000007bfa00000,0x00000007bfd00000)
 ParOldGen       total 177152K, used 64061K [0x0000000700000000, 0x000000070ad00000, 0x00000007bc400000)
  object space 177152K, 36% used [0x0000000700000000,0x0000000703e8f700,0x000000070ad00000)
 Metaspace       used 74688K, capacity 75473K, committed 76160K, reserved 1114112K
  class space    used 10335K, capacity 10507K, committed 10624K, reserved 1048576K
Event: 19912.057 GC heap after
Heap after GC invocations=470 (full 31):
 PSYoungGen      total 58368K, used 1216K [0x00000007bc400000, 0x00000007c0000000, 0x00000007c0000000)
  eden space 55296K, 0% used [0x00000007bc400000,0x00000007bc400000,0x00000007bfa00000)
  from space 3072K, 39% used [0x00000007bfa00000,0x00000007bfb30000,0x00000007bfd00000)
  to   space 3072K, 0% used [0x00000007bfd00000,0x00000007bfd00000,0x00000007c0000000)
 ParOldGen       total 177152K, used 64061K [0x0000000700000000, 0x000000070ad00000, 0x00000007bc400000)
  object space 177152K, 36% used [0x0000000700000000,0x0000000703e8f700,0x000000070ad00000)
 Metaspace       used 74688K, capacity 75473K, committed 76160K, reserved 1114112K
  class space    used 10335K, capacity 10507K, committed 10624K, reserved 1048576K
}
Event: 20135.703 GC heap before
{Heap before GC invocations=471 (full 31):
 PSYoungGen      total 58368K, used 56512K [0x00000007bc400000, 0x00000007c0000000, 0x00000007c0000000)
  eden space 55296K, 100% used [0x00000007bc400000,0x00000007bfa00000,0x00000007bfa00000)
  from space 3072K, 39% used [0x00000007bfa00000,0x00000007bfb30000,0x00000007bfd00000)
  to   space 3072K, 0% used [0x00000007bfd00000,0x00000007bfd00000,0x00000007c0000000)
 ParOldGen       total 177152K, used 64061K [0x0000000700000000, 0x000000070ad00000, 0x00000007bc400000)
  object space 177152K, 36% used [0x0000000700000000,0x0000000703e8f700,0x000000070ad00000)
 Metaspace       used 74689K, capacity 75473K, committed 76160K, reserved 1114112K
  class space    used 10335K, capacity 10507K, committed 10624K, reserved 1048576K
Event: 20135.726 GC heap after
Heap after GC invocations=471 (full 31):
 PSYoungGen      total 58368K, used 2187K [0x00000007bc400000, 0x00000007c0000000, 0x00000007c0000000)
  eden space 55296K, 0% used [0x00000007bc400000,0x00000007bc400000,0x00000007bfa00000)
  from space 3072K, 71% used [0x00000007bfd00000,0x00000007bff22ca0,0x00000007c0000000)
  to   space 3072K, 0% used [0x00000007bfa00000,0x00000007bfa00000,0x00000007bfd00000)
 ParOldGen       total 177152K, used 77021K [0x0000000700000000, 0x000000070ad00000, 0x00000007bc400000)
  object space 177152K, 43% used [0x0000000700000000,0x0000000704b37730,0x000000070ad00000)
 Metaspace       used 74689K, capacity 75473K, committed 76160K, reserved 1114112K
  class space    used 10335K, capacity 10507K, committed 10624K, reserved 1048576K
}

