# JRE version: Java(TM) SE Runtime Environment (8.0_66-b18) (build 1.8.0_66-b18)
# Java VM: Java HotSpot(TM) 64-Bit Server VM (25.66-b18 mixed mode windows-amd64 compressed oops)
Heap:
 PSYoungGen      total 53248K, used 28516K [0x00000007bc400000, 0x00000007c0000000, 0x00000007c0000000)
  eden space 45056K, 59% used [0x00000007bc400000,0x00000007bde32960,0x00000007bf000000)
  from space 8192K, 20% used [0x00000007bf800000,0x00000007bf9a6828,0x00000007c0000000)
  to   space 8192K, 0% used [0x00000007bf000000,0x00000007bf000000,0x00000007bf800000)
 ParOldGen       total 167424K, used 93210K [0x0000000700000000, 0x000000070a380000, 0x00000007bc400000)
  object space 167424K, 55% used [0x0000000700000000,0x0000000705b06ad8,0x000000070a380000)
 Metaspace       used 76075K, capacity 76967K, committed 77440K, reserved 1116160K
  class space    used 10354K, capacity 10536K, committed 10624K, reserved 1048576K
GC Heap History (10 events):
Event: 22916.074 GC heap before
{Heap before GC invocations=1700 (full 310):
 PSYoungGen      total 56832K, used 52960K [0x00000007bc400000, 0x00000007c0000000, 0x00000007c0000000)
  eden space 52224K, 100% used [0x00000007bc400000,0x00000007bf700000,0x00000007bf700000)
  from space 4608K, 15% used [0x00000007bf700000,0x00000007bf7b8000,0x00000007bfb80000)
  to   space 4608K, 0% used [0x00000007bfb80000,0x00000007bfb80000,0x00000007c0000000)
 ParOldGen       total 167424K, used 75442K [0x0000000700000000, 0x000000070a380000, 0x00000007bc400000)
  object space 167424K, 45% used [0x0000000700000000,0x00000007049aca98,0x000000070a380000)
 Metaspace       used 75630K, capacity 76509K, committed 77056K, reserved 1116160K
  class space    used 10217K, capacity 10405K, committed 10496K, reserved 1048576K
Event: 22916.083 GC heap after
Heap after GC invocations=1700 (full 310):
 PSYoungGen      total 48640K, used 4576K [0x00000007bc400000, 0x00000007c0000000, 0x00000007c0000000)
  eden space 44032K, 0% used [0x00000007bc400000,0x00000007bc400000,0x00000007bef00000)
  from space 4608K, 99% used [0x00000007bfb80000,0x00000007bfff8010,0x00000007c0000000)
  to   space 8704K, 0% used [0x00000007bef00000,0x00000007bef00000,0x00000007bf780000)
 ParOldGen       total 167424K, used 84554K [0x0000000700000000, 0x000000070a380000, 0x00000007bc400000)
  object space 167424K, 50% used [0x0000000700000000,0x0000000705292ab8,0x000000070a380000)
 Metaspace       used 75630K, capacity 76509K, committed 77056K, reserved 1116160K
  class space    used 10217K, capacity 10405K, committed 10496K, reserved 1048576K
}
Event: 22916.895 GC heap before
{Heap before GC invocations=1701 (full 310):
 PSYoungGen      total 48640K, used 48608K [0x00000007bc400000, 0x00000007c0000000, 0x00000007c0000000)
  eden space 44032K, 100% used [0x00000007bc400000,0x00000007bef00000,0x00000007bef00000)
  from space 4608K, 99% used [0x00000007bfb80000,0x00000007bfff8010,0x00000007c0000000)
  to   space 8704K, 0% used [0x00000007bef00000,0x00000007bef00000,0x00000007bf780000)
 ParOldGen       total 167424K, used 84554K [0x0000000700000000, 0x000000070a380000, 0x00000007bc400000)
  object space 167424K, 50% used [0x0000000700000000,0x0000000705292ab8,0x000000070a380000)
 Metaspace       used 75630K, capacity 76509K, committed 77056K, reserved 1116160K
  class space    used 10217K, capacity 10405K, committed 10496K, reserved 1048576K
Event: 22916.901 GC heap after
Heap after GC invocations=1701 (full 310):
 PSYoungGen      total 52736K, used 4974K [0x00000007bc400000, 0x00000007c0000000, 0x00000007c0000000)
  eden space 44032K, 0% used [0x00000007bc400000,0x00000007bc400000,0x00000007bef00000)
  from space 8704K, 57% used [0x00000007bef00000,0x00000007bf3db910,0x00000007bf780000)
  to   space 8704K, 0% used [0x00000007bf780000,0x00000007bf780000,0x00000007c0000000)
 ParOldGen       total 167424K, used 93194K [0x0000000700000000, 0x000000070a380000, 0x00000007bc400000)
  object space 167424K, 55% used [0x0000000700000000,0x0000000705b02ad8,0x000000070a380000)
 Metaspace       used 75630K, capacity 76509K, committed 77056K, reserved 1116160K
  class space    used 10217K, capacity 10405K, committed 10496K, reserved 1048576K
}
Event: 22927.232 GC heap before
{Heap before GC invocations=1702 (full 310):
 PSYoungGen      total 52736K, used 49006K [0x00000007bc400000, 0x00000007c0000000, 0x00000007c0000000)
  eden space 44032K, 100% used [0x00000007bc400000,0x00000007bef00000,0x00000007bef00000)
  from space 8704K, 57% used [0x00000007bef00000,0x00000007bf3db910,0x00000007bf780000)
  to   space 8704K, 0% used [0x00000007bf780000,0x00000007bf780000,0x00000007c0000000)
 ParOldGen       total 167424K, used 93194K [0x0000000700000000, 0x000000070a380000, 0x00000007bc400000)
  object space 167424K, 55% used [0x0000000700000000,0x0000000705b02ad8,0x000000070a380000)
 Metaspace       used 76060K, capacity 76967K, committed 77440K, reserved 1116160K
  class space    used 10354K, capacity 10536K, committed 10624K, reserved 1048576K
Event: 22927.237 GC heap after
Heap after GC invocations=1702 (full 310):
 PSYoungGen      total 52736K, used 1610K [0x00000007bc400000, 0x00000007c0000000, 0x00000007c0000000)
  eden space 44032K, 0% used [0x00000007bc400000,0x00000007bc400000,0x00000007bef00000)
  from space 8704K, 18% used [0x00000007bf780000,0x00000007bf912b08,0x00000007c0000000)
  to   space 8704K, 0% used [0x00000007bef00000,0x00000007bef00000,0x00000007bf780000)
 ParOldGen       total 167424K, used 93202K [0x0000000700000000, 0x000000070a380000, 0x00000007bc400000)
  object space 167424K, 55% used [0x0000000700000000,0x0000000705b04ad8,0x000000070a380000)
 Metaspace       used 76060K, capacity 76967K, committed 77440K, reserved 1116160K
  class space    used 10354K, capacity 10536K, committed 10624K, reserved 1048576K
}
Event: 22942.400 GC heap before
{Heap before GC invocations=1703 (full 310):
 PSYoungGen      total 52736K, used 45642K [0x00000007bc400000, 0x00000007c0000000, 0x00000007c0000000)
  eden space 44032K, 100% used [0x00000007bc400000,0x00000007bef00000,0x00000007bef00000)
  from space 8704K, 18% used [0x00000007bf780000,0x00000007bf912b08,0x00000007c0000000)
  to   space 8704K, 0% used [0x00000007bef00000,0x00000007bef00000,0x00000007bf780000)
 ParOldGen       total 167424K, used 93202K [0x0000000700000000, 0x000000070a380000, 0x00000007bc400000)
  object space 167424K, 55% used [0x0000000700000000,0x0000000705b04ad8,0x000000070a380000)
 Metaspace       used 76074K, capacity 76967K, committed 77440K, reserved 1116160K
  class space    used 10354K, capacity 10536K, committed 10624K, reserved 1048576K
Event: 22942.408 GC heap after
Heap after GC invocations=1703 (full 310):
 PSYoungGen      total 52736K, used 1658K [0x00000007bc400000, 0x00000007c0000000, 0x00000007c0000000)
  eden space 44032K, 0% used [0x00000007bc400000,0x00000007bc400000,0x00000007bef00000)
  from space 8704K, 19% used [0x00000007bef00000,0x00000007bf09e828,0x00000007bf780000)
  to   space 8192K, 0% used [0x00000007bf800000,0x00000007bf800000,0x00000007c0000000)
 ParOldGen       total 167424K, used 93210K [0x0000000700000000, 0x000000070a380000, 0x00000007bc400000)
  object space 167424K, 55% used [0x0000000700000000,0x0000000705b06ad8,0x000000070a380000)
 Metaspace       used 76074K, capacity 76967K, committed 77440K, reserved 1116160K
  class space    used 10354K, capacity 10536K, committed 10624K, reserved 1048576K
}
Event: 22948.423 GC heap before
{Heap before GC invocations=1704 (full 310):
 PSYoungGen      total 52736K, used 45690K [0x00000007bc400000, 0x00000007c0000000, 0x00000007c0000000)
  eden space 44032K, 100% used [0x00000007bc400000,0x00000007bef00000,0x00000007bef00000)
  from space 8704K, 19% used [0x00000007bef00000,0x00000007bf09e828,0x00000007bf780000)
  to   space 8192K, 0% used [0x00000007bf800000,0x00000007bf800000,0x00000007c0000000)
 ParOldGen       total 167424K, used 93210K [0x0000000700000000, 0x000000070a380000, 0x00000007bc400000)
  object space 167424K, 55% used [0x0000000700000000,0x0000000705b06ad8,0x000000070a380000)
 Metaspace       used 76074K, capacity 76967K, committed 77440K, reserved 1116160K
  class space    used 10354K, capacity 10536K, committed 10624K, reserved 1048576K
Event: 22948.430 GC heap after
Heap after GC invocations=1704 (full 310):
 PSYoungGen      total 53248K, used 1690K [0x00000007bc400000, 0x00000007c0000000, 0x00000007c0000000)
  eden space 45056K, 0% used [0x00000007bc400000,0x00000007bc400000,0x00000007bf000000)
  from space 8192K, 20% used [0x00000007bf800000,0x00000007bf9a6828,0x00000007c0000000)
  to   space 8192K, 0% used [0x00000007bf000000,0x00000007bf000000,0x00000007bf800000)
 ParOldGen       total 167424K, used 93210K [0x0000000700000000, 0x000000070a380000, 0x00000007bc400000)
  object space 167424K, 55% used [0x0000000700000000,0x0000000705b06ad8,0x000000070a380000)
 Metaspace       used 76074K, capacity 76967K, committed 77440K, reserved 1116160K
  class space    used 10354K, capacity 10536K, committed 10624K, reserved 1048576K
}

